<?xml version="1.0" encoding="UTF-8"?>
<testng-results ignored="0" total="6" passed="6" failed="0" skipped="0">
  <reporter-output>
  </reporter-output>
  <suite started-at="2022-10-09T11:08:48 CAT" name="Default suite" finished-at="2022-10-09T11:10:37 CAT" duration-ms="108808">
    <groups>
    </groups>
    <test started-at="2022-10-09T11:08:48 CAT" name="Default test" finished-at="2022-10-09T11:10:37 CAT" duration-ms="108808">
      <class name="src.main.test.BaseUITest">
        <test-method is-config="true" signature="beforeMethod()[pri:0, instance:src.main.test.BaseUITest@10feca44]" started-at="2022-10-09T11:08:48 CAT" name="beforeMethod" finished-at="2022-10-09T11:08:52 CAT" duration-ms="4473" status="PASS">
          <reporter-output>
          </reporter-output>
        </test-method> <!-- beforeMethod -->
        <test-method signature="TC1()[pri:1, instance:src.main.test.BaseUITest@10feca44]" started-at="2022-10-09T11:08:52 CAT" name="TC1" finished-at="2022-10-09T11:09:15 CAT" duration-ms="22391" status="PASS">
          <reporter-output>
          </reporter-output>
        </test-method> <!-- TC1 -->
        <test-method signature="TC2()[pri:2, instance:src.main.test.BaseUITest@10feca44]" started-at="2022-10-09T11:09:15 CAT" name="TC2" finished-at="2022-10-09T11:09:31 CAT" duration-ms="16107" status="PASS">
          <reporter-output>
          </reporter-output>
        </test-method> <!-- TC2 -->
        <test-method signature="TC3()[pri:3, instance:src.main.test.BaseUITest@10feca44]" started-at="2022-10-09T11:09:31 CAT" name="TC3" finished-at="2022-10-09T11:09:40 CAT" duration-ms="8725" status="PASS">
          <reporter-output>
          </reporter-output>
        </test-method> <!-- TC3 -->
        <test-method signature="TC4()[pri:4, instance:src.main.test.BaseUITest@10feca44]" started-at="2022-10-09T11:09:40 CAT" name="TC4" finished-at="2022-10-09T11:09:51 CAT" duration-ms="11358" status="PASS">
          <reporter-output>
          </reporter-output>
        </test-method> <!-- TC4 -->
        <test-method signature="TC5()[pri:5, instance:src.main.test.BaseUITest@10feca44]" started-at="2022-10-09T11:09:51 CAT" name="TC5" finished-at="2022-10-09T11:10:12 CAT" duration-ms="21400" status="PASS">
          <reporter-output>
          </reporter-output>
        </test-method> <!-- TC5 -->
        <test-method signature="TC6()[pri:6, instance:src.main.test.BaseUITest@10feca44]" started-at="2022-10-09T11:10:12 CAT" name="TC6" finished-at="2022-10-09T11:10:35 CAT" duration-ms="22806" status="PASS">
          <reporter-output>
          </reporter-output>
        </test-method> <!-- TC6 -->
        <test-method is-config="true" signature="afterMethod()[pri:0, instance:src.main.test.BaseUITest@10feca44]" started-at="2022-10-09T11:10:35 CAT" name="afterMethod" finished-at="2022-10-09T11:10:37 CAT" duration-ms="1408" status="PASS">
          <reporter-output>
          </reporter-output>
        </test-method> <!-- afterMethod -->
      </class> <!-- src.main.test.BaseUITest -->
    </test> <!-- Default test -->
  </suite> <!-- Default suite -->
</testng-results>
