<?xml version="1.0" encoding="UTF-8"?>
<!-- Generated by org.testng.reporters.JUnitXMLReporter -->
<testsuite ignored="0" hostname="LAPTOP-RECDC7GO" failures="0" tests="6" name="Default test" time="108.808" errors="0" timestamp="2022-10-09T11:10:37 CAT">
  <testcase classname="src.main.test.BaseUITest" name="TC1" time="22.391"/>
  <testcase classname="src.main.test.BaseUITest" name="TC2" time="16.107"/>
  <testcase classname="src.main.test.BaseUITest" name="TC3" time="8.725"/>
  <testcase classname="src.main.test.BaseUITest" name="TC4" time="11.358"/>
  <testcase classname="src.main.test.BaseUITest" name="TC5" time="21.4"/>
  <testcase classname="src.main.test.BaseUITest" name="TC6" time="22.806"/>
</testsuite> <!-- Default test -->
